── Attaching packages ─────────────────────────────────────── tidyverse 1.3.0 ──
✔ ggplot2 3.3.2     ✔ purrr   0.3.4
✔ tibble  3.0.5     ✔ dplyr   1.0.3
✔ tidyr   1.1.2     ✔ stringr 1.4.0
✔ readr   1.3.1     ✔ forcats 0.5.0
── Conflicts ────────────────────────────────────────── tidyverse_conflicts() ──
✖ dplyr::filter() masks stats::filter()
✖ dplyr::lag()    masks stats::lag()
Warning messages:
1: package ‘ggplot2’ was built under R version 3.6.2 
2: package ‘tidyr’ was built under R version 3.6.2 
3: package ‘purrr’ was built under R version 3.6.2 
Loading required package: xml2

Attaching package: ‘rvest’

The following object is masked from ‘package:purrr’:

    pluck

The following object is masked from ‘package:readr’:

    guess_encoding

Warning messages:
1: package ‘rvest’ was built under R version 3.6.2 
2: package ‘xml2’ was built under R version 3.6.2 

Attaching package: ‘rebus’

The following object is masked from ‘package:stringr’:

    regex

The following object is masked from ‘package:ggplot2’:

    alpha


Attaching package: ‘lubridate’

The following objects are masked from ‘package:base’:

    date, intersect, setdiff, union

Warning message:
package ‘lubridate’ was built under R version 3.6.2 
Warning message:
package ‘xlsx’ was built under R version 3.6.2 
[1] "2021-01-30 06:25:53  Loading Data for Year  1999"
[1] "Year 1999 Pages 119 Total Records 2358"
[1] "2021-01-30 06:26:34  Loading Data for Year  2000"
[1] "Year 2000 Pages 110 Total Records 2166"
[1] "2021-01-30 06:27:14  Loading Data for Year  2001"
[1] "Year 2001 Pages 150 Total Records 2972"
[1] "2021-01-30 06:28:15  Loading Data for Year  2002"
[1] "Year 2002 Pages 168 Total Records 3333"
[1] "2021-01-30 06:29:29  Loading Data for Year  2003"
[1] "Year 2003 Pages 178 Total Records 3526"
[1] "2021-01-30 06:30:51  Loading Data for Year  2004"
[1] "Year 2004 Pages 196 Total Records 3885"
[1] "2021-01-30 06:32:24  Loading Data for Year  2005"
[1] "Year 2005 Pages 218 Total Records 4331"
[1] "2021-01-30 06:34:12  Loading Data for Year  2006"
[1] "Year 2006 Pages 273 Total Records 5435"
[1] "2021-01-30 06:36:36  Loading Data for Year  2007"
[1] "Year 2007 Pages 278 Total Records 5532"
[1] "2021-01-30 06:39:05  Loading Data for Year  2008"
[1] "Year 2008 Pages 321 Total Records 6395"
[1] "2021-01-30 06:41:34  Loading Data for Year  2009"
[1] "Year 2009 Pages 418 Total Records 8323"
[1] "2021-01-30 06:45:15  Loading Data for Year  2010"
[1] "Year 2010 Pages 444 Total Records 8853"
[1] "2021-01-30 06:49:20  Loading Data for Year  2011"
[1] "Year 2011 Pages 453 Total Records 9030"
[1] "2021-01-30 06:54:01  Loading Data for Year  2012"
[1] "Year 2012 Pages 488 Total Records 9727"
[1] "2021-01-30 06:58:08  Loading Data for Year  2013"
[1] "Year 2013 Pages 518 Total Records 10323"
[1] "2021-01-30 07:03:05  Loading Data for Year  2014"
[1] "Year 2014 Pages 531 Total Records 10597"
[1] "2021-01-30 07:08:35  Loading Data for Year  2015"
[1] "Year 2015 Pages 554 Total Records 11042"
[1] "2021-01-30 07:13:59  Loading Data for Year  2016"
[1] "Year 2016 Pages 497 Total Records 9907"
[1] "2021-01-30 07:18:32  Loading Data for Year  2017"
[1] "Year 2017 Pages 535 Total Records 10667"
[1] "2021-01-30 07:23:25  Loading Data for Year  2018"
[1] "Year 2018 Pages 495 Total Records 9863"
[1] "2021-01-30 07:28:00  Loading Data for Year  2019"
[1] "Year 2019 Pages 516 Total Records 10291"
[1] "2021-01-30 07:32:17  Loading Data for Year  2020"
[1] "Year 2020 Pages 70 Total Records 1363"
[1] "Process Completed "
Warning message:
In write.table(df, "data/cherry_blossom_2020.csv", sep = ";", append = TRUE,  :
  appending column names to file
