── Attaching packages ─────────────────────────────────────── tidyverse 1.3.0 ──
✔ ggplot2 3.3.2     ✔ purrr   0.3.4
✔ tibble  3.0.5     ✔ dplyr   1.0.3
✔ tidyr   1.1.2     ✔ stringr 1.4.0
✔ readr   1.3.1     ✔ forcats 0.5.0
── Conflicts ────────────────────────────────────────── tidyverse_conflicts() ──
✖ dplyr::filter() masks stats::filter()
✖ dplyr::lag()    masks stats::lag()
Warning messages:
1: package ‘ggplot2’ was built under R version 3.6.2 
2: package ‘tidyr’ was built under R version 3.6.2 
3: package ‘purrr’ was built under R version 3.6.2 
Loading required package: xml2

Attaching package: ‘rvest’

The following object is masked from ‘package:purrr’:

    pluck

The following object is masked from ‘package:readr’:

    guess_encoding

Warning messages:
1: package ‘rvest’ was built under R version 3.6.2 
2: package ‘xml2’ was built under R version 3.6.2 

Attaching package: ‘rebus’

The following object is masked from ‘package:stringr’:

    regex

The following object is masked from ‘package:ggplot2’:

    alpha


Attaching package: ‘lubridate’

The following objects are masked from ‘package:base’:

    date, intersect, setdiff, union

Warning message:
package ‘lubridate’ was built under R version 3.6.2 
Warning message:
package ‘xlsx’ was built under R version 3.6.2 
[1] "2021-01-28 02:17:16  Loading Data for Year  1999"
[1] "Year 1999 Pages 119 Total Records 2358"
[1] "2021-01-28 02:17:44  Loading Data for Year  2000"
[1] "Year 2000 Pages 110 Total Records 2166"
[1] "2021-01-28 02:18:09  Loading Data for Year  2001"
[1] "Year 2001 Pages 150 Total Records 2972"
[1] "2021-01-28 02:18:53  Loading Data for Year  2002"
[1] "Year 2002 Pages 168 Total Records 3333"
[1] "2021-01-28 02:19:44  Loading Data for Year  2003"
[1] "Year 2003 Pages 178 Total Records 3526"
[1] "2021-01-28 02:20:38  Loading Data for Year  2004"
[1] "Year 2004 Pages 196 Total Records 3885"
[1] "2021-01-28 02:21:45  Loading Data for Year  2005"
[1] "Year 2005 Pages 218 Total Records 4331"
[1] "2021-01-28 02:23:01  Loading Data for Year  2006"
[1] "Year 2006 Pages 273 Total Records 5435"
[1] "2021-01-28 02:24:47  Loading Data for Year  2007"
[1] "Year 2007 Pages 278 Total Records 5532"
[1] "2021-01-28 02:26:28  Loading Data for Year  2008"
[1] "Year 2008 Pages 321 Total Records 6395"
[1] "2021-01-28 02:28:39  Loading Data for Year  2009"
[1] "Year 2009 Pages 418 Total Records 8323"
[1] "2021-01-28 02:31:39  Loading Data for Year  2010"
[1] "Year 2010 Pages 444 Total Records 8853"
[1] "2021-01-28 02:35:07  Loading Data for Year  2011"
[1] "Year 2011 Pages 453 Total Records 9030"
[1] "2021-01-28 02:38:22  Loading Data for Year  2012"
[1] "Year 2012 Pages 488 Total Records 9727"
[1] "2021-01-28 02:42:12  Loading Data for Year  2013"
[1] "Year 2013 Pages 518 Total Records 10323"
[1] "2021-01-28 02:46:16  Loading Data for Year  2014"
[1] "Year 2014 Pages 531 Total Records 10597"
[1] "2021-01-28 02:50:47  Loading Data for Year  2015"
[1] "Year 2015 Pages 554 Total Records 11042"
[1] "2021-01-28 02:55:29  Loading Data for Year  2016"
[1] "Year 2016 Pages 497 Total Records 9907"
[1] "2021-01-28 02:59:27  Loading Data for Year  2017"
[1] "Year 2017 Pages 535 Total Records 10667"
[1] "2021-01-28 03:04:15  Loading Data for Year  2018"
[1] "Year 2018 Pages 495 Total Records 9863"
[1] "2021-01-28 03:08:13  Loading Data for Year  2019"
[1] "Year 2019 Pages 516 Total Records 10291"
[1] "2021-01-28 03:12:33  Loading Data for Year  2020"
[1] "Year 2020 Pages 70 Total Records 1363"
Warning message:
In write.table(df, "data/cherry_blossom_2020.csv", sep = ";", append = TRUE,  :
  appending column names to file
[1] "Process Completed "
Warning message:
package ‘writexl’ was built under R version 3.6.2 
Error in .jcall(row[[ir]], "Lorg/apache/poi/ss/usermodel/Cell;", "createCell",  : 
  Java Exception <no description because toString() failed>
Calls: write.xlsx -> .write_block -> createCell -> .jcall -> .jcheck
Execution halted
