── Attaching packages ─────────────────────────────────────── tidyverse 1.3.0 ──
✔ ggplot2 3.3.2     ✔ purrr   0.3.4
✔ tibble  3.0.5     ✔ dplyr   1.0.3
✔ tidyr   1.1.2     ✔ stringr 1.4.0
✔ readr   1.3.1     ✔ forcats 0.5.0
── Conflicts ────────────────────────────────────────── tidyverse_conflicts() ──
✖ dplyr::filter() masks stats::filter()
✖ dplyr::lag()    masks stats::lag()
Warning messages:
1: package ‘ggplot2’ was built under R version 3.6.2 
2: package ‘tidyr’ was built under R version 3.6.2 
3: package ‘purrr’ was built under R version 3.6.2 
Loading required package: xml2

Attaching package: ‘rvest’

The following object is masked from ‘package:purrr’:

    pluck

The following object is masked from ‘package:readr’:

    guess_encoding

Warning messages:
1: package ‘rvest’ was built under R version 3.6.2 
2: package ‘xml2’ was built under R version 3.6.2 

Attaching package: ‘rebus’

The following object is masked from ‘package:stringr’:

    regex

The following object is masked from ‘package:ggplot2’:

    alpha


Attaching package: ‘lubridate’

The following objects are masked from ‘package:base’:

    date, intersect, setdiff, union

Warning message:
package ‘lubridate’ was built under R version 3.6.2 
Warning message:
package ‘xlsx’ was built under R version 3.6.2 
[1] "2021-01-30 06:24:29  Loading Data for Year  1999"

Execution halted
